Run VoidFinder on delta fields with filter of delta>0.52 and before name changes.
200g 3h
print ==========================================
print SLURM_JOB_ID = 3812282
print SLURM_JOB_NODELIST = bhc0074
print ==========================================
bhc0074
Starting date: Fri Mar 26 04:13:31 EDT 2021
Loading galaxy data table at:  /scratch/ierez/IGMCosmo/VoidFinder/data/DR16S82_H/delta_fields/deltafields_RAadded90.fits
Inside load table before columns
Inside load table before adding columns
fits to table done:)
Galaxy data table load time:  0.20653462409973145
Calculating Rgal data table column
Finished Rgal calculation time:  4.863002300262451
        ra                 dec         ...        delta           Rgal  
------------------ ------------------- ... ------------------- ---------
111.65201097115994 -1.0040558414971168 ... -0.7501514290604856 3550.8628
111.65201097115994 -1.0040558414971168 ... -2.9951701434370044  3552.921
111.65201097115994 -1.0040558414971168 ...   -8.42713942396928 3554.9783
111.65201097115994 -1.0040558414971168 ...   1.443690511787549 3557.0352
111.65201097115994 -1.0040558414971168 ... -4.4328915242131295 3559.0918
111.65201097115994 -1.0040558414971168 ... -0.7920112475562439 3561.1475
111.65201097115994 -1.0040558414971168 ...   3.139563038718462 3563.2026
111.65201097115994 -1.0040558414971168 ... -3.3280128864671483 3565.2576
111.65201097115994 -1.0040558414971168 ... -0.5576560308926432 3567.3118
111.65201097115994 -1.0040558414971168 ...  -3.229661362697265 3569.3655
               ...                 ... ...                 ...       ...
113.56455186524676  0.9355200936826016 ...  1.6299339823301433 3640.8982
113.56455186524676  0.9355200936826016 ...  0.4705629989743516 3642.9316
113.56455186524676  0.9355200936826016 ...  2.1746745817632362 3644.9648
113.56455186524676  0.9355200936826016 ... 0.11865457494989351  3646.998
113.56455186524676  0.9355200936826016 ... -0.8582383569939689 3649.0295
113.56455186524676  0.9355200936826016 ... 0.25646792872668245 3651.0618
113.56455186524676  0.9355200936826016 ... -0.3297157784640531 3653.0928
113.56455186524676  0.9355200936826016 ...  1.0218531435406804 3655.1233
113.56455186524676  0.9355200936826016 ... -0.2691119755875596 3657.1533
113.56455186524676  0.9355200936826016 ... -0.6478983760170653 3659.1824
113.56455186524676  0.9355200936826016 ... -1.0773641482068776 3661.2117
Length = 1271156 rows
Dist limits:  [3677.9224 4513.124 ]
This is the length of data before mask:
1271156
        ra                 dec         ...        delta           Rgal  
------------------ ------------------- ... ------------------- ---------
111.65201097115994 -1.0040558414971168 ... -0.7501514290604856 3550.8628
111.65201097115994 -1.0040558414971168 ... -2.9951701434370044  3552.921
111.65201097115994 -1.0040558414971168 ...   -8.42713942396928 3554.9783
111.65201097115994 -1.0040558414971168 ...   1.443690511787549 3557.0352
111.65201097115994 -1.0040558414971168 ... -4.4328915242131295 3559.0918
111.65201097115994 -1.0040558414971168 ... -0.7920112475562439 3561.1475
111.65201097115994 -1.0040558414971168 ...   3.139563038718462 3563.2026
111.65201097115994 -1.0040558414971168 ... -3.3280128864671483 3565.2576
111.65201097115994 -1.0040558414971168 ... -0.5576560308926432 3567.3118
111.65201097115994 -1.0040558414971168 ...  -3.229661362697265 3569.3655
               ...                 ... ...                 ...       ...
113.56455186524676  0.9355200936826016 ...  1.6299339823301433 3640.8982
113.56455186524676  0.9355200936826016 ...  0.4705629989743516 3642.9316
113.56455186524676  0.9355200936826016 ...  2.1746745817632362 3644.9648
113.56455186524676  0.9355200936826016 ... 0.11865457494989351  3646.998
113.56455186524676  0.9355200936826016 ... -0.8582383569939689 3649.0295
113.56455186524676  0.9355200936826016 ... 0.25646792872668245 3651.0618
113.56455186524676  0.9355200936826016 ... -0.3297157784640531 3653.0928
113.56455186524676  0.9355200936826016 ...  1.0218531435406804 3655.1233
113.56455186524676  0.9355200936826016 ... -0.2691119755875596 3657.1533
113.56455186524676  0.9355200936826016 ... -0.6478983760170653 3659.1824
113.56455186524676  0.9355200936826016 ... -1.0773641482068776 3661.2117
Length = 1271156 rows
Generate mask start
[[ 376   -7]
 [ 376   -5]
 [ 376   -3]
 ...
 [1079   -1]
 [1079    0]
 [1079    7]]
2880
This is the length of data before filter:
1271156
Filter Galaxies Start
Filter is applied on transmission flux rate.
0.52
1063507
Calculated grid
Finding sep
Time to find sep = 6.149252891540527
Average separation of n=3rd neighbor gal is 4.051716467957431
The standard deviation is 1.0775891456391593
Going to build wall with search value 5.66810018641617
Time to sort field and wall gals = 0.030109882354736328
Time to write field and wall tables:  4.316145420074463
Number of field objects: 111464 Number of wall objects: 952043
Growing holes
Running single-process mode
Grid:  (1235, 394, 39)
Num nonempty hole cells:  451709
Total slots in hole_cell_ID_dict:  903421
Num collisions hole_cell_ID_dict:  104368
Rebuilt galaxy map (size 126917 total slots  253853 )
Num collisions in rebuild:  59652
Cell ID Mem resizing:  2 3
Cell ID Mem resizing:  3 4
Cell ID Mem resizing:  4 5
Cell ID Mem resizing:  5 6
Cell ID Mem resizing:  6 7
Cell ID Mem resizing:  7 8
Cell ID Mem resizing:  8 9
Cell ID Mem resizing:  9 10
Cell ID Mem resizing:  10 11
Processed cell 119981 of 18525301 5.58
Processed cell 229924 of 18525301 10.78
Cell ID Mem resizing:  11 12
Cell ID Mem resizing:  12 13
Cell ID Mem resizing:  13 14
Cell ID Mem resizing:  14 15
Cell ID Mem resizing:  15 16
Cell ID Mem resizing:  16 17
Cell ID Mem resizing:  17 18
Cell ID Mem resizing:  18 19
Cell ID Mem resizing:  19 20
Cell ID Mem resizing:  20 21
Cell ID Mem resizing:  21 22
Cell ID Mem resizing:  22 23
Cell ID Mem resizing:  23 24
Cell ID Mem resizing:  24 25
Cell ID Mem resizing:  25 26
Cell ID Mem resizing:  26 27
Cell ID Mem resizing:  27 28
Processed cell 289892 of 18525301 17.22
Processed cell 369809 of 18525301 22.47
Neighbor mem resizing: 100
Processed cell 439678 of 18525301 27.74
Processed cell 489557 of 18525301 33.35
Processed cell 589163 of 18525301 38.98
Processed cell 668853 of 18525301 44.28
Processed cell 738335 of 18525301 49.92
Processed cell 797849 of 18525301 55.12
Processed cell 857305 of 18525301 61.07
Processed cell 896861 of 18525301 67.25
Processed cell 926537 of 18525301 72.38
Processed cell 956178 of 18525301 77.83
Processed cell 985812 of 18525301 84.25
Processed cell 1015435 of 18525301 91.67
Processed cell 1045023 of 18525301 97.33
Processed cell 1074614 of 18525301 102.86
Processed cell 1104141 of 18525301 113.21
Processed cell 1133699 of 18525301 118.41
Processed cell 1163223 of 18525301 123.64
Processed cell 1192709 of 18525301 129.31
Processed cell 1222154 of 18525301 135.79
Processed cell 1251573 of 18525301 143.87
Processed cell 1280977 of 18525301 151.41
Processed cell 1310395 of 18525301 160.1
Processed cell 1339827 of 18525301 168.92
Processed cell 1359456 of 18525301 174.4
Processed cell 1378836 of 18525301 184.23
Processed cell 1408198 of 18525301 193.71
Processed cell 1437534 of 18525301 202.78
Neighbor mem resizing: 150
Processed cell 1466867 of 18525301 211.11
Processed cell 1496149 of 18525301 220.28
Processed cell 1525422 of 18525301 228.86
Processed cell 1554641 of 18525301 238.76
Processed cell 1583853 of 18525301 248.83
Processed cell 1613079 of 18525301 258.53
Processed cell 1622684 of 18525301 263.85
Processed cell 1642215 of 18525301 270.33
Processed cell 1651754 of 18525301 276.13
Processed cell 1671292 of 18525301 281.66
Processed cell 1680838 of 18525301 287.81
Processed cell 1700403 of 18525301 293.61
Processed cell 1709878 of 18525301 298.83
Processed cell 1729522 of 18525301 304.26
Processed cell 1738927 of 18525301 310.36
Processed cell 1767957 of 18525301 321.42
Processed cell 1796961 of 18525301 331.39
Processed cell 1825955 of 18525301 340.51
Processed cell 1854917 of 18525301 348.64
Processed cell 1883893 of 18525301 354.82
Processed cell 1912885 of 18525301 360.61
Processed cell 1941877 of 18525301 365.76
Processed cell 1980474 of 18525301 371.78
Processed cell 2028763 of 18525301 378.53
Processed cell 2067035 of 18525301 384.95
Processed cell 2115247 of 18525301 390.97
Processed cell 2172914 of 18525301 396.4
Processed cell 2239610 of 18525301 402.58
Processed cell 2297217 of 18525301 407.99
Processed cell 2364303 of 18525301 414.09
Processed cell 2421707 of 18525301 420.56
Processed cell 2469878 of 18525301 426.47
Processed cell 2508122 of 18525301 432.54
Processed cell 2556444 of 18525301 439.06
Processed cell 2594863 of 18525301 444.79
Processed cell 2643380 of 18525301 450.37
Processed cell 2681610 of 18525301 455.71
Processed cell 2730020 of 18525301 460.9
Processed cell 2777836 of 18525301 466.75
Processed cell 2835650 of 18525301 472.36
Processed cell 2913016 of 18525301 478.19
Processed cell 2980678 of 18525301 483.44
Processed cell 3039013 of 18525301 488.47
Processed cell 3107040 of 18525301 494.55
Processed cell 3165193 of 18525301 499.82
Processed cell 3242890 of 18525301 505.4
Processed cell 3320483 of 18525301 510.41
Processed cell 3417141 of 18525301 516.18
Processed cell 3504510 of 18525301 521.86
Processed cell 3591850 of 18525301 527.03
Cell ID Mem resizing:  28 29
Cell ID Mem resizing:  29 30
Cell ID Mem resizing:  30 31
Cell ID Mem resizing:  31 32
Cell ID Mem resizing:  32 33
Cell ID Mem resizing:  33 34
Cell ID Mem resizing:  34 35
Cell ID Mem resizing:  35 36
Cell ID Mem resizing:  36 37
Cell ID Mem resizing:  37 38
Cell ID Mem resizing:  38 39
Cell ID Mem resizing:  39 40
Processed cell 3630671 of 18525301 542.99
Processed cell 3727771 of 18525301 548.21
Processed cell 3796120 of 18525301 553.63
Processed cell 3854559 of 18525301 560.11
Processed cell 3922625 of 18525301 565.56
Processed cell 4000485 of 18525301 571.66
Processed cell 4068681 of 18525301 578.09
Processed cell 4117037 of 18525301 584.5
Processed cell 4185048 of 18525301 589.98
Processed cell 4252582 of 18525301 595.91
Processed cell 4310609 of 18525301 601.18
Processed cell 4378549 of 18525301 606.24
Processed cell 4455909 of 18525301 611.95
Processed cell 4542938 of 18525301 617.6
Processed cell 4600910 of 18525301 622.95
Processed cell 4658787 of 18525301 629.21
Processed cell 4697326 of 18525301 635.16
Processed cell 4745920 of 18525301 641.26
Processed cell 4784691 of 18525301 646.27
Processed cell 4842939 of 18525301 651.95
Processed cell 4910627 of 18525301 657.54
Processed cell 4968629 of 18525301 663.16
Processed cell 5026739 of 18525301 669.12
Processed cell 5084880 of 18525301 674.45
Processed cell 5162612 of 18525301 679.9
Processed cell 5249719 of 18525301 685.09
Processed cell 5346844 of 18525301 690.34
Processed cell 5434084 of 18525301 696.41
Processed cell 5501846 of 18525301 701.74
Processed cell 5579637 of 18525301 707.01
Processed cell 5657430 of 18525301 712.07
Processed cell 5735142 of 18525301 717.83
Processed cell 5822537 of 18525301 723.66
Processed cell 5890324 of 18525301 728.85
Processed cell 5948585 of 18525301 733.98
Processed cell 6006843 of 18525301 739.87
Processed cell 6084683 of 18525301 745.17
Processed cell 6152690 of 18525301 751.41
Processed cell 6210947 of 18525301 756.81
Processed cell 6278740 of 18525301 762.86
Processed cell 6337129 of 18525301 767.99
Processed cell 6415188 of 18525301 773.99
Processed cell 6473688 of 18525301 779.17
Processed cell 6512608 of 18525301 784.24
Processed cell 6590645 of 18525301 789.29
Processed cell 6658742 of 18525301 794.35
Processed cell 6717337 of 18525301 799.36
Processed cell 6775931 of 18525301 805.38
Processed cell 6834533 of 18525301 811.43
Processed cell 6893092 of 18525301 816.65
Processed cell 6961234 of 18525301 823.69
Processed cell 7019642 of 18525301 830.2
Processed cell 7058472 of 18525301 835.68
Processed cell 7116814 of 18525301 841.11
Processed cell 7175201 of 18525301 847.34
Processed cell 7233639 of 18525301 854.02
Processed cell 7292288 of 18525301 860.74
Processed cell 7351033 of 18525301 869.29
Processed cell 7390191 of 18525301 874.62
Processed cell 7439087 of 18525301 883.46
Processed cell 7478083 of 18525301 889.47
Processed cell 7507279 of 18525301 895.73
Processed cell 7556111 of 18525301 902.77
Processed cell 7594837 of 18525301 909.83
Processed cell 7643440 of 18525301 915.4
Processed cell 7681956 of 18525301 921.72
Processed cell 7740277 of 18525301 929.36
Processed cell 7779400 of 18525301 934.76
Processed cell 7837833 of 18525301 940.29
Processed cell 7886519 of 18525301 945.44
Processed cell 7944816 of 18525301 951.38
Processed cell 8003213 of 18525301 958.06
Processed cell 8061971 of 18525301 963.66
Processed cell 8120624 of 18525301 968.67
Processed cell 8159383 of 18525301 975.55
Processed cell 8188697 of 18525301 981.19
Processed cell 8217908 of 18525301 988.48
Processed cell 8247041 of 18525301 997.61
Processed cell 8276289 of 18525301 1009.91
Processed cell 8305631 of 18525301 1019.72
Processed cell 8334936 of 18525301 1029.1
Processed cell 8364320 of 18525301 1036.1
Processed cell 8403217 of 18525301 1045.09
Processed cell 8432440 of 18525301 1051.32
Processed cell 8461613 of 18525301 1057.01
Processed cell 8491066 of 18525301 1063.01
Processed cell 8540382 of 18525301 1068.2
Processed cell 8579285 of 18525301 1076.74
Processed cell 8608552 of 18525301 1083.81
Processed cell 8637820 of 18525301 1088.89
Processed cell 8677116 of 18525301 1094.18
Processed cell 8726145 of 18525301 1101.84
Processed cell 8784666 of 18525301 1109.2
Processed cell 8814190 of 18525301 1114.66
Processed cell 8843710 of 18525301 1119.84
Processed cell 8873154 of 18525301 1124.94
Processed cell 8911832 of 18525301 1134.25
Processed cell 8941175 of 18525301 1140.7
Processed cell 8970218 of 18525301 1146.12
Processed cell 9028962 of 18525301 1155.2
Processed cell 9058419 of 18525301 1162.67
Processed cell 9087965 of 18525301 1175.72
Processed cell 9117354 of 18525301 1197.42
Processed cell 9146408 of 18525301 1212.57
Processed cell 9175692 of 18525301 1224.98
Processed cell 9204880 of 18525301 1231.53
Processed cell 9234317 of 18525301 1239.7
Processed cell 9243876 of 18525301 1251.1
Processed cell 9272812 of 18525301 1267.77
Processed cell 9302078 of 18525301 1282.21
Processed cell 9331532 of 18525301 1294.67
Processed cell 9360738 of 18525301 1311.6
Processed cell 9389952 of 18525301 1330.82
Processed cell 9419322 of 18525301 1349.57
Processed cell 9448598 of 18525301 1367.03
Processed cell 9477730 of 18525301 1381.91
Processed cell 9506787 of 18525301 1392.1
Processed cell 9535902 of 18525301 1403.13
Processed cell 9565068 of 18525301 1417.08
Processed cell 9594150 of 18525301 1430.42
Processed cell 9623625 of 18525301 1441.75
Processed cell 9633244 of 18525301 1451.85
Processed cell 9662617 of 18525301 1463.94
Processed cell 9691952 of 18525301 1475.23
Processed cell 9721385 of 18525301 1484.17
Processed cell 9750900 of 18525301 1492.34
Processed cell 9780191 of 18525301 1503.56
Processed cell 9809581 of 18525301 1515.83
Processed cell 9839172 of 18525301 1526.39
Processed cell 9868556 of 18525301 1532.19
Processed cell 9927502 of 18525301 1549.22
Processed cell 9956880 of 18525301 1575.51
Processed cell 9986181 of 18525301 1615.1
Processed cell 9995826 of 18525301 1621.12
Processed cell 10015440 of 18525301 1643.75
Processed cell 10024952 of 18525301 1659.26
Processed cell 10044540 of 18525301 1666.04
Processed cell 10054223 of 18525301 1699.82
Processed cell 10083622 of 18525301 1745.6
Processed cell 10113106 of 18525301 1781.78
Processed cell 10142557 of 18525301 1805.49
Processed cell 10172014 of 18525301 1819.79
Processed cell 10201490 of 18525301 1827.18
Processed cell 10230686 of 18525301 1832.19
Processed cell 10259897 of 18525301 1837.92
Processed cell 10289173 of 18525301 1846.12
Processed cell 10318668 of 18525301 1860.94
Processed cell 10348150 of 18525301 1880.8
Processed cell 10377677 of 18525301 1905.57
Processed cell 10407013 of 18525301 1932.99
Processed cell 10416632 of 18525301 1938.16
Processed cell 10436225 of 18525301 1950.78
Processed cell 10445876 of 18525301 1965.23
Processed cell 10475133 of 18525301 1985.21
Processed cell 10504345 of 18525301 2002.87
Processed cell 10533531 of 18525301 2020.56
Processed cell 10562712 of 18525301 2044.67
Processed cell 10591936 of 18525301 2075.88
Processed cell 10621194 of 18525301 2112.57
Processed cell 10650491 of 18525301 2140.18
Processed cell 10679823 of 18525301 2168.96
Processed cell 10709227 of 18525301 2197.89
Processed cell 10738613 of 18525301 2227.56
Processed cell 10767987 of 18525301 2278.88
Processed cell 10797370 of 18525301 2328.04
Processed cell 10826712 of 18525301 2365.31
Processed cell 10836335 of 18525301 2374.8
Processed cell 10855915 of 18525301 2383.87
Processed cell 10865489 of 18525301 2410.09
Processed cell 10894633 of 18525301 2443.35
Processed cell 10923778 of 18525301 2472.44
Processed cell 10952973 of 18525301 2493.89
Processed cell 10982226 of 18525301 2517.94
Processed cell 11011613 of 18525301 2549.87
Processed cell 11040987 of 18525301 2585.01
Processed cell 11070355 of 18525301 2620.26
Processed cell 11099765 of 18525301 2652.04
Processed cell 11129203 of 18525301 2676.87
Processed cell 11158639 of 18525301 2697.73
Processed cell 11168402 of 18525301 2706.25
Processed cell 11188186 of 18525301 2731.76
Processed cell 11217722 of 18525301 2759.51
Processed cell 11227511 of 18525301 2765.19
Processed cell 11247278 of 18525301 2781.99
Processed cell 11257043 of 18525301 2797.93
Processed cell 11276811 of 18525301 2806.21
Processed cell 11286528 of 18525301 2833.7
Processed cell 11315932 of 18525301 2871.83
Processed cell 11345316 of 18525301 2919.97
Processed cell 11374705 of 18525301 2963.71
Processed cell 11404127 of 18525301 2995.68
Processed cell 11433553 of 18525301 3029.96
Processed cell 11462906 of 18525301 3078.02
Processed cell 11492338 of 18525301 3125.33
Processed cell 11521772 of 18525301 3152.61
Processed cell 11551215 of 18525301 3206.06
Processed cell 11580618 of 18525301 3239.91
Processed cell 11609953 of 18525301 3265.4
Processed cell 11639249 of 18525301 3279.56
Processed cell 11668534 of 18525301 3286.0
Processed cell 11697844 of 18525301 3292.83
Processed cell 11707484 of 18525301 3306.72
Processed cell 11736723 of 18525301 3336.34
Processed cell 11765968 of 18525301 3390.67
Processed cell 11795263 of 18525301 3440.27
Processed cell 11824632 of 18525301 3519.61
Processed cell 11854003 of 18525301 3626.56
Processed cell 11883449 of 18525301 3717.71
Processed cell 11912809 of 18525301 3795.17
Processed cell 11942134 of 18525301 3856.62
Processed cell 11971400 of 18525301 3914.94
Processed cell 12000640 of 18525301 3959.28
Processed cell 12029892 of 18525301 3978.26
Processed cell 12059145 of 18525301 3988.77
Processed cell 12068763 of 18525301 3997.95
Processed cell 12088346 of 18525301 4006.63
Processed cell 12097936 of 18525301 4017.06
Processed cell 12127065 of 18525301 4037.61
Processed cell 12156214 of 18525301 4054.07
Processed cell 12185432 of 18525301 4065.36
Processed cell 12214637 of 18525301 4081.04
Processed cell 12243831 of 18525301 4095.22
Processed cell 12273069 of 18525301 4108.56
Processed cell 12302397 of 18525301 4124.95
Processed cell 12331733 of 18525301 4137.53
Processed cell 12361046 of 18525301 4145.65
Processed cell 12390391 of 18525301 4151.65
Processed cell 12419682 of 18525301 4157.47
Processed cell 12458554 of 18525301 4163.29
Processed cell 12507413 of 18525301 4169.04
Processed cell 12546291 of 18525301 4182.77
Processed cell 12575576 of 18525301 4190.43
Processed cell 12624484 of 18525301 4195.48
Processed cell 12663441 of 18525301 4204.57
Processed cell 12751218 of 18525301 4210.37
Processed cell 12907380 of 18525301 4215.82
Processed cell 13102736 of 18525301 4220.89
Processed cell 13288218 of 18525301 4226.09
Processed cell 13493432 of 18525301 4231.14
Processed cell 13630196 of 18525301 4236.19
Processed cell 13776848 of 18525301 4241.6
Processed cell 13962416 of 18525301 4246.73
Cell ID Mem resizing:  40 41
Cell ID Mem resizing:  41 42
Cell ID Mem resizing:  42 43
Cell ID Mem resizing:  43 44
Cell ID Mem resizing:  44 45
Cell ID Mem resizing:  45 46
Cell ID Mem resizing:  46 47
Cell ID Mem resizing:  47 48
Cell ID Mem resizing:  48 49
Cell ID Mem resizing:  49 50
Cell ID Mem resizing:  50 51
Cell ID Mem resizing:  51 52
Cell ID Mem resizing:  52 53
Cell ID Mem resizing:  53 54
Cell ID Mem resizing:  54 55
Cell ID Mem resizing:  55 56
Cell ID Mem resizing:  56 57
Processed cell 14011309 of 18525301 4255.7
Processed cell 14138048 of 18525301 4260.72
Processed cell 14343060 of 18525301 4266.06
Processed cell 14547997 of 18525301 4271.43
Processed cell 14684507 of 18525301 4276.44
Processed cell 14859300 of 18525301 4281.55
Processed cell 15024257 of 18525301 4286.93
Processed cell 15189611 of 18525301 4292.21
Processed cell 15355182 of 18525301 4297.37
Processed cell 15520476 of 18525301 4302.59
Processed cell 15685549 of 18525301 4307.92
Processed cell 15850190 of 18525301 4313.02
Processed cell 15995459 of 18525301 4318.15
Processed cell 16170219 of 18525301 4323.46
Processed cell 16354348 of 18525301 4328.68
Processed cell 16529467 of 18525301 4333.88
Processed cell 16665516 of 18525301 4338.95
Processed cell 16782398 of 18525301 4344.17
Processed cell 16860660 of 18525301 4349.44
Processed cell 16938929 of 18525301 4354.79
Processed cell 17046782 of 18525301 4359.98
Processed cell 17145158 of 18525301 4365.47
Processed cell 17224058 of 18525301 4371.11
Processed cell 17303074 of 18525301 4376.18
Processed cell 17402006 of 18525301 4381.35
Processed cell 17560616 of 18525301 4386.5
Processed cell 17679860 of 18525301 4392.5
Processed cell 18058551 of 18525301 4397.59
Main task finish time:  4400.640701532364
Found a total of 1976056 potential voids.
Time to find all holes = 4406.925914287567
Starting volume cut
Found  1359262  holes to cut 93.84587907791138
Sorting holes based on radius
Combining holes into unique voids
Combine time: 74.21895909309387
Number of unique voids is 8778
Saving maximals to:  /scratch/ierez/IGMCosmo/VoidFinder/outputs/delta_runs/before_names_fluxcut4/deltafields_RAadded90._comoving_maximal_noMagCut.txt
Done :)
Ending date: Fri Mar 26 05:31:06 EDT 2021
