Run VoidFinder on delta fields without filter for merge check.
200g 1h
print ==========================================
print SLURM_JOB_ID = 4381540
print SLURM_JOB_NODELIST = bhc0082
print ==========================================
bhc0082
Starting date: Mon May  3 03:38:21 EDT 2021
Loading data table at:  /scratch/ierez/IGMCosmo/VoidFinder/data/DR16S82_H/delta_fields/deltafields_RAadded90.fits
Inside the data before setting the columns
Inside the data before adding the columns
.fits to Table done
Data table load time:  0.04905986785888672
Calculating Rdist data table column
Finished Rdist calculation time:  4.383035898208618
        ra                 dec         ...        delta          Rdist  
------------------ ------------------- ... ------------------- ---------
111.65201097115994 -1.0040558414971168 ... -0.7501514290604856 3550.8628
111.65201097115994 -1.0040558414971168 ... -2.9951701434370044  3552.921
111.65201097115994 -1.0040558414971168 ...   -8.42713942396928 3554.9783
111.65201097115994 -1.0040558414971168 ...   1.443690511787549 3557.0352
111.65201097115994 -1.0040558414971168 ... -4.4328915242131295 3559.0918
111.65201097115994 -1.0040558414971168 ... -0.7920112475562439 3561.1475
111.65201097115994 -1.0040558414971168 ...   3.139563038718462 3563.2026
111.65201097115994 -1.0040558414971168 ... -3.3280128864671483 3565.2576
111.65201097115994 -1.0040558414971168 ... -0.5576560308926432 3567.3118
111.65201097115994 -1.0040558414971168 ...  -3.229661362697265 3569.3655
               ...                 ... ...                 ...       ...
113.56455186524676  0.9355200936826016 ...  1.6299339823301433 3640.8982
113.56455186524676  0.9355200936826016 ...  0.4705629989743516 3642.9316
113.56455186524676  0.9355200936826016 ...  2.1746745817632362 3644.9648
113.56455186524676  0.9355200936826016 ... 0.11865457494989351  3646.998
113.56455186524676  0.9355200936826016 ... -0.8582383569939689 3649.0295
113.56455186524676  0.9355200936826016 ... 0.25646792872668245 3651.0618
113.56455186524676  0.9355200936826016 ... -0.3297157784640531 3653.0928
113.56455186524676  0.9355200936826016 ...  1.0218531435406804 3655.1233
113.56455186524676  0.9355200936826016 ... -0.2691119755875596 3657.1533
113.56455186524676  0.9355200936826016 ... -0.6478983760170653 3659.1824
113.56455186524676  0.9355200936826016 ... -1.0773641482068776 3661.2117
Length = 1271156 rows
Dist limits:  [3531.1768 4482.2593]
Generating mask
Filter Galaxies Start
No filter is applied on transmission flux rate.
Finding isolated galaxy distance
Time to find isolated galaxy distance: 8.869608163833618
Removing all galaxies with 3rd nearest neighbors further than 4.714427801147631
Growing holes
Done :)
Ending date: Mon May  3 03:39:08 EDT 2021
